TN:
SF:next.config.js
FN:1,(empty-report)
FNF:1
FNH:0
FNDA:0,(empty-report)
DA:1,0
LF:1
LH:0
BRDA:1,0,0,0
BRF:1
BRH:0
end_of_record
TN:
SF:postcss.config.js
FN:1,(empty-report)
FNF:1
FNH:0
FNDA:0,(empty-report)
DA:1,0
LF:1
LH:0
BRDA:1,0,0,0
BRF:1
BRH:0
end_of_record
TN:
SF:tailwind.config.js
FN:1,(empty-report)
FNF:1
FNH:0
FNDA:0,(empty-report)
DA:1,0
DA:2,0
DA:3,0
DA:4,0
DA:5,0
DA:6,0
DA:7,0
DA:8,0
DA:9,0
DA:10,0
DA:11,0
DA:12,0
DA:13,0
DA:14,0
DA:15,0
DA:16,0
DA:17,0
DA:18,0
DA:19,0
DA:20,0
DA:21,0
DA:22,0
DA:23,0
DA:24,0
DA:25,0
DA:26,0
DA:27,0
LF:27
LH:0
BRDA:1,0,0,0
BRF:1
BRH:0
end_of_record
TN:
SF:src/app/error.tsx
FN:5,GlobalError
FN:17,onClick
FNF:2
FNH:1
FNDA:1,GlobalError
FNDA:0,onClick
DA:3,1
DA:5,1
DA:6,1
DA:8,1
DA:9,1
DA:11,1
DA:12,1
DA:13,1
DA:14,1
DA:15,1
DA:16,1
DA:17,1
DA:19,1
DA:20,1
DA:21,1
DA:22,1
DA:23,1
DA:25,1
LF:18
LH:18
BRDA:5,0,0,1
BRDA:6,1,0,1
BRF:2
BRH:2
end_of_record
TN:
SF:src/app/layout.tsx
FN:10,RootLayout
FNF:1
FNH:1
FNDA:1,RootLayout
DA:1,1
DA:3,1
DA:5,1
DA:6,1
DA:7,1
DA:8,1
DA:10,1
DA:11,1
DA:12,1
DA:13,1
DA:15,1
DA:16,1
DA:17,1
DA:18,1
DA:21,1
DA:22,1
DA:25,1
DA:26,1
DA:28,1
DA:30,1
DA:31,1
DA:32,1
DA:34,1
DA:35,1
DA:36,1
DA:38,1
LF:26
LH:26
BRDA:10,0,0,1
BRF:1
BRH:1
end_of_record
TN:
SF:src/app/not-found.tsx
FN:3,NotFound
FNF:1
FNH:1
FNDA:1,NotFound
DA:1,1
DA:3,1
DA:4,1
DA:5,1
DA:6,1
DA:7,1
DA:8,1
DA:9,1
DA:10,1
DA:12,1
LF:10
LH:10
BRDA:3,0,0,1
BRF:1
BRH:1
end_of_record
TN:
SF:src/app/page.tsx
FN:16,assignQueueSchedule
FN:43,ClientOnly
FN:57,initializePlayer
FN:71,ownedBuildings.reduce.ground
FN:113,calculateIncome
FN:165,simulateToTurn
FN:177,findNextEmptyTurn
FN:192,Home
FN:313,fmt
FN:314,fmtIncome
FN:398,onChange
FN:406,onChange
FN:411,onClick
FN:490,spaceCost.reduce.ground
FN:532,onClick
FN:538,onClick
FN:544,onClick
FN:572,onClick
FN:606,onClick
FNF:19
FNH:13
FNDA:20,assignQueueSchedule
FNDA:84,ClientOnly
FNDA:19,initializePlayer
FNDA:171,ownedBuildings.reduce.ground
FNDA:44,calculateIncome
FNDA:20,simulateToTurn
FNDA:0,findNextEmptyTurn
FNDA:23,Home
FNDA:889,fmt
FNDA:184,fmtIncome
FNDA:0,onChange
FNDA:0,onChange
FNDA:0,onClick
FNDA:112,spaceCost.reduce.ground
FNDA:0,onClick
FNDA:1,onClick
FNDA:1,onClick
FNDA:2,onClick
FNDA:0,onClick
DA:2,1
DA:3,1
DA:5,1
DA:8,1
DA:9,1
DA:10,1
DA:11,1
DA:12,1
DA:13,1
DA:14,1
DA:16,20
DA:17,20
DA:18,20
DA:19,20
DA:20,1
DA:21,1
DA:22,0
DA:23,0
DA:24,0
DA:25,0
DA:26,0
DA:27,0
DA:28,0
DA:29,0
DA:30,1
DA:31,1
DA:32,1
DA:33,1
DA:34,1
DA:35,1
DA:36,1
DA:37,1
DA:38,1
DA:39,20
DA:40,20
DA:43,84
DA:44,84
DA:45,84
DA:46,38
DA:47,84
DA:48,84
DA:49,38
DA:50,38
DA:51,46
DA:52,46
DA:57,19
DA:58,19
DA:59,19
DA:60,19
DA:61,19
DA:62,19
DA:63,19
DA:64,19
DA:65,19
DA:66,19
DA:67,19
DA:68,19
DA:70,19
DA:71,19
DA:72,171
DA:73,171
DA:74,171
DA:75,166
DA:76,166
DA:77,166
DA:78,171
DA:79,171
DA:80,19
DA:81,19
DA:83,19
DA:84,19
DA:85,19
DA:86,19
DA:87,19
DA:88,19
DA:89,19
DA:90,19
DA:91,19
DA:92,19
DA:93,19
DA:94,19
DA:95,19
DA:96,19
DA:97,19
DA:98,19
DA:99,19
DA:100,19
DA:101,19
DA:102,19
DA:103,19
DA:104,19
DA:105,19
DA:107,19
DA:108,19
DA:109,19
DA:110,19
DA:113,44
DA:114,44
DA:116,44
DA:117,398
DA:118,398
DA:121,398
DA:122,398
DA:123,520
DA:124,520
DA:125,302
DA:126,302
DA:127,302
DA:128,302
DA:129,520
DA:130,344
DA:131,174
DA:132,86
DA:133,520
DA:136,398
DA:137,398
DA:138,302
DA:139,302
DA:140,302
DA:141,0
DA:142,0
DA:143,0
DA:144,302
DA:145,302
DA:146,388
DA:149,44
DA:150,137
DA:151,137
DA:152,126
DA:153,168
DA:154,42
DA:155,42
DA:156,168
DA:157,126
DA:158,137
DA:159,44
DA:161,44
DA:162,44
DA:165,20
DA:166,20
DA:168,20
DA:169,4
DA:170,4
DA:171,4
DA:173,20
DA:174,20
DA:177,0
DA:178,0
DA:179,0
DA:181,0
DA:182,0
DA:183,0
DA:184,0
DA:185,0
DA:186,0
DA:187,0
DA:189,0
DA:190,0
DA:192,23
DA:193,23
DA:194,23
DA:195,23
DA:196,23
DA:197,23
DA:199,23
DA:202,23
DA:203,20
DA:204,23
DA:207,23
DA:208,20
DA:209,20
DA:210,23
DA:213,23
DA:214,22
DA:215,20
DA:216,20
DA:218,650
DA:219,648
DA:220,456
DA:221,456
DA:222,456
DA:223,456
DA:224,0
DA:225,0
DA:226,456
DA:227,192
DA:229,650
DA:230,96
DA:231,96
DA:232,96
DA:233,174
DA:234,20
DA:235,22
DA:236,1
DA:237,1
DA:238,1
DA:239,1
DA:240,0
DA:241,0
DA:242,0
DA:243,0
DA:244,0
DA:245,0
DA:246,1
DA:247,1
DA:248,1
DA:249,1
DA:250,1
DA:251,1
DA:252,1
DA:253,0
DA:254,0
DA:255,0
DA:256,0
DA:257,0
DA:258,0
DA:259,1
DA:260,1
DA:261,1
DA:262,23
DA:265,23
DA:266,2
DA:269,2
DA:272,2
DA:273,2
DA:274,1
DA:275,1
DA:276,1
DA:278,1
DA:279,1
DA:280,1
DA:281,2
DA:282,23
DA:284,23
DA:285,0
DA:286,0
DA:287,0
DA:288,0
DA:289,0
DA:290,0
DA:291,0
DA:292,0
DA:293,0
DA:294,0
DA:295,0
DA:296,0
DA:297,0
DA:298,0
DA:299,0
DA:300,0
DA:301,0
DA:302,23
DA:305,23
DA:306,0
DA:307,0
DA:308,0
DA:309,0
DA:310,23
DA:313,23
DA:314,23
DA:317,23
DA:318,23
DA:319,23
DA:320,23
DA:321,23
DA:322,23
DA:324,23
DA:325,23
DA:326,23
DA:327,23
DA:328,23
DA:329,23
DA:330,23
DA:331,23
DA:332,23
DA:333,23
DA:334,23
DA:335,23
DA:336,23
DA:337,23
DA:338,23
DA:339,23
DA:340,23
DA:341,23
DA:342,23
DA:343,23
DA:344,23
DA:345,23
DA:346,23
DA:347,23
DA:348,23
DA:349,23
DA:350,23
DA:351,23
DA:352,23
DA:353,23
DA:354,23
DA:355,23
DA:356,23
DA:357,23
DA:358,23
DA:359,23
DA:360,23
DA:361,23
DA:363,23
DA:364,23
DA:365,23
DA:366,23
DA:367,23
DA:368,23
DA:369,23
DA:371,23
DA:372,23
DA:374,23
DA:375,23
DA:376,23
DA:377,23
DA:378,23
DA:379,23
DA:380,23
DA:381,23
DA:382,23
DA:383,23
DA:385,23
DA:386,23
DA:387,23
DA:390,23
DA:391,23
DA:392,23
DA:393,23
DA:394,23
DA:395,23
DA:396,23
DA:397,23
DA:398,23
DA:399,23
DA:400,23
DA:401,23
DA:402,23
DA:403,23
DA:404,23
DA:405,23
DA:406,23
DA:407,23
DA:408,23
DA:409,23
DA:410,23
DA:411,23
DA:412,0
DA:413,0
DA:414,0
DA:415,23
DA:417,23
DA:418,23
DA:419,23
DA:422,23
DA:423,1
DA:424,1
DA:425,1
DA:429,23
DA:431,23
DA:433,23
DA:434,23
DA:435,23
DA:436,23
DA:437,23
DA:438,23
DA:439,92
DA:440,92
DA:441,92
DA:442,92
DA:443,92
DA:444,23
DA:445,23
DA:446,23
DA:448,23
DA:449,23
DA:450,23
DA:451,23
DA:452,23
DA:453,23
DA:454,23
DA:455,23
DA:456,23
DA:457,23
DA:458,23
DA:459,23
DA:460,23
DA:461,23
DA:462,23
DA:463,23
DA:464,23
DA:465,23
DA:466,23
DA:467,23
DA:468,23
DA:469,23
DA:470,23
DA:471,23
DA:472,23
DA:473,23
DA:476,23
DA:477,23
DA:478,23
DA:479,23
DA:480,23
DA:481,208
DA:482,208
DA:483,208
DA:484,208
DA:485,23
DA:486,23
DA:487,115
DA:488,115
DA:489,115
DA:490,115
DA:491,112
DA:492,112
DA:493,112
DA:494,115
DA:496,115
DA:497,115
DA:498,115
DA:499,115
DA:500,115
DA:501,115
DA:502,115
DA:503,115
DA:504,112
DA:505,112
DA:506,112
DA:508,115
DA:509,112
DA:510,112
DA:511,112
DA:513,115
DA:514,67
DA:515,67
DA:516,67
DA:518,115
DA:519,115
DA:521,23
DA:522,23
DA:523,23
DA:524,23
DA:527,23
DA:528,23
DA:529,23
DA:530,23
DA:531,23
DA:532,23
DA:533,23
DA:534,23
DA:536,23
DA:537,23
DA:538,23
DA:539,23
DA:540,23
DA:542,23
DA:543,23
DA:544,23
DA:545,23
DA:546,23
DA:548,23
DA:549,23
DA:550,23
DA:552,23
DA:553,23
DA:554,185
DA:555,324
DA:556,324
DA:557,189
DA:558,84
DA:559,2
DA:560,324
DA:561,0
DA:562,0
DA:563,0
DA:564,0
DA:565,185
DA:567,185
DA:568,185
DA:569,185
DA:570,185
DA:571,185
DA:572,185
DA:573,2
DA:574,2
DA:575,2
DA:577,185
DA:578,185
DA:579,185
DA:580,185
DA:581,185
DA:582,364
DA:583,364
DA:584,364
DA:585,364
DA:586,364
DA:587,364
DA:589,185
DA:590,185
DA:591,185
DA:592,185
DA:594,23
DA:595,23
DA:596,23
DA:599,23
DA:601,23
DA:602,23
DA:603,23
DA:604,23
DA:605,23
DA:606,23
DA:607,0
DA:608,0
DA:609,0
DA:610,0
DA:611,0
DA:612,23
DA:614,23
DA:615,23
DA:616,23
DA:617,23
DA:618,22
DA:620,1
DA:621,1
DA:622,1
DA:623,1
DA:624,0
DA:625,1
DA:626,1
DA:627,1
DA:628,1
DA:629,0
DA:630,1
DA:631,1
DA:632,1
DA:633,1
DA:634,1
DA:635,1
DA:636,1
DA:637,1
DA:638,1
DA:639,1
DA:640,1
DA:642,1
DA:644,23
DA:645,23
DA:648,23
DA:649,23
DA:650,23
DA:651,23
DA:652,23
DA:653,23
DA:654,92
DA:655,92
DA:656,92
DA:657,92
DA:658,92
DA:659,23
DA:660,23
DA:661,23
DA:663,23
DA:664,23
DA:665,23
DA:666,23
DA:667,23
DA:668,23
DA:669,23
DA:670,23
DA:671,23
DA:672,23
DA:673,23
DA:674,23
DA:675,23
DA:676,23
DA:677,23
DA:678,23
DA:679,23
DA:680,23
DA:681,23
DA:682,23
DA:683,23
DA:684,23
DA:685,23
DA:686,23
DA:687,23
DA:688,23
DA:689,23
DA:690,23
DA:691,23
DA:693,23
LF:593
LH:521
BRDA:16,0,0,20
BRDA:19,1,0,1
BRDA:21,2,0,0
BRDA:31,3,0,0
BRDA:32,4,0,0
BRDA:39,5,0,1
BRDA:39,6,0,19
BRDA:43,7,0,84
BRDA:48,8,0,54
BRDA:48,9,0,38
BRDA:50,10,0,46
BRDA:45,11,0,38
BRDA:57,12,0,19
BRDA:71,13,0,171
BRDA:73,14,0,166
BRDA:73,15,0,5
BRDA:74,16,0,166
BRDA:75,17,0,0
BRDA:76,18,0,0
BRDA:113,19,0,44
BRDA:116,20,0,398
BRDA:118,21,0,388
BRDA:118,22,0,10
BRDA:118,23,0,388
BRDA:121,24,0,0
BRDA:122,25,0,520
BRDA:123,26,0,0
BRDA:124,27,0,302
BRDA:125,28,0,132
BRDA:126,29,0,126
BRDA:127,30,0,44
BRDA:129,31,0,176
BRDA:129,32,0,344
BRDA:130,33,0,224
BRDA:130,34,0,170
BRDA:130,35,0,174
BRDA:131,36,0,114
BRDA:131,37,0,88
BRDA:131,38,0,86
BRDA:132,39,0,42
BRDA:133,40,0,388
BRDA:136,41,0,0
BRDA:137,42,0,302
BRDA:139,43,0,0
BRDA:140,44,0,0
BRDA:145,45,0,388
BRDA:149,46,0,0
BRDA:149,47,0,137
BRDA:151,48,0,128
BRDA:151,49,0,126
BRDA:152,50,0,168
BRDA:153,51,0,42
BRDA:153,52,0,42
BRDA:153,53,0,42
BRDA:154,54,0,0
BRDA:165,55,0,20
BRDA:168,56,0,4
BRDA:192,57,0,23
BRDA:317,58,0,0
BRDA:318,59,0,0
BRDA:320,60,0,0
BRDA:332,61,0,0
BRDA:341,62,0,0
BRDA:350,63,0,22
BRDA:350,64,0,1
BRDA:359,65,0,22
BRDA:359,66,0,1
BRDA:365,67,0,0
BRDA:369,68,0,1
BRDA:369,69,0,22
BRDA:422,70,0,1
BRDA:460,71,0,0
BRDA:533,72,0,21
BRDA:533,73,0,2
BRDA:539,74,0,1
BRDA:539,75,0,22
BRDA:545,76,0,1
BRDA:545,77,0,22
BRDA:617,78,0,22
BRDA:618,79,0,1
BRDA:675,80,0,0
BRDA:193,81,0,19
BRDA:202,82,0,20
BRDA:207,83,0,20
BRDA:213,84,0,22
BRDA:214,85,0,20
BRDA:235,86,0,2
BRDA:235,87,0,1
BRDA:216,88,0,650
BRDA:218,89,0,648
BRDA:219,90,0,456
BRDA:222,91,0,0
BRDA:223,92,0,0
BRDA:226,93,0,192
BRDA:227,94,0,194
BRDA:229,95,0,98
BRDA:229,96,0,96
BRDA:231,97,0,20
BRDA:232,98,0,174
BRDA:220,99,0,4128
BRDA:230,100,0,869
BRDA:237,101,0,2
BRDA:238,102,0,1
BRDA:239,103,0,0
BRDA:250,104,0,2
BRDA:251,105,0,1
BRDA:252,106,0,0
BRDA:265,107,0,2
BRDA:273,108,0,1
BRDA:274,109,0,0
BRDA:281,110,0,0
BRDA:313,111,0,889
BRDA:314,112,0,184
BRDA:314,113,0,180
BRDA:314,114,0,4
BRDA:363,115,0,208
BRDA:364,116,0,208
BRDA:366,117,0,208
BRDA:438,118,0,92
BRDA:480,119,0,208
BRDA:482,120,0,203
BRDA:482,121,0,5
BRDA:483,122,0,115
BRDA:486,123,0,115
BRDA:488,124,0,112
BRDA:488,125,0,3
BRDA:489,126,0,112
BRDA:489,127,0,3
BRDA:490,128,0,112
BRDA:490,129,0,3
BRDA:499,130,0,112
BRDA:499,131,0,3
BRDA:503,132,0,3
BRDA:503,133,0,112
BRDA:505,134,0,0
BRDA:508,135,0,112
BRDA:513,136,0,67
BRDA:488,137,0,181
BRDA:489,138,0,67
BRDA:490,139,0,112
BRDA:491,140,0,0
BRDA:492,141,0,0
BRDA:510,142,0,158
BRDA:510,143,0,67
BRDA:510,144,0,91
BRDA:515,145,0,67
BRDA:515,146,0,0
BRDA:538,147,0,1
BRDA:544,148,0,1
BRDA:553,149,0,185
BRDA:565,150,0,0
BRDA:570,151,0,144
BRDA:570,152,0,41
BRDA:579,153,0,2
BRDA:554,154,0,324
BRDA:556,155,0,181
BRDA:556,156,0,189
BRDA:556,157,0,143
BRDA:557,158,0,141
BRDA:557,159,0,84
BRDA:557,160,0,2
BRDA:558,161,0,0
BRDA:558,162,0,2
BRDA:560,163,0,0
BRDA:572,164,0,2
BRDA:573,165,0,0
BRDA:574,166,0,0
BRDA:581,167,0,364
BRDA:582,168,0,0
BRDA:583,169,0,0
BRDA:620,170,0,1
BRDA:621,171,0,0
BRDA:623,172,0,0
BRDA:625,173,0,0
BRDA:626,174,0,0
BRDA:627,175,0,0
BRDA:628,176,0,0
BRDA:630,177,0,0
BRDA:653,178,0,92
BRF:179
BRH:135
end_of_record
TN:
SF:src/components/BuildList.tsx
FN:5,BuildList
FNF:1
FNH:1
FNDA:1,BuildList
DA:1,1
DA:5,1
DA:6,1
DA:7,1
DA:8,1
DA:9,1
DA:10,1
DA:11,1
DA:12,1
DA:13,1
DA:14,2
DA:15,2
DA:16,2
DA:17,2
DA:18,2
DA:19,2
DA:20,2
DA:21,2
DA:22,2
DA:23,2
DA:24,1
DA:25,1
DA:26,1
DA:27,1
DA:28,1
DA:30,1
LF:26
LH:26
BRDA:5,0,0,1
BRDA:13,1,0,2
BRDA:19,2,0,1
BRF:3
BRH:3
end_of_record
TN:
SF:src/components/Header.tsx
FN:3,Header
FNF:1
FNH:1
FNDA:1,Header
DA:1,1
DA:3,1
DA:4,1
DA:5,1
DA:6,1
DA:7,1
DA:8,1
DA:9,1
DA:10,1
DA:11,1
DA:12,1
DA:14,1
DA:15,1
DA:16,1
DA:17,1
DA:18,1
DA:19,1
DA:20,1
DA:21,1
DA:23,1
LF:20
LH:20
BRDA:3,0,0,1
BRF:1
BRH:1
end_of_record
TN:
SF:src/components/QueueCard.tsx
FN:3,QueueCard
FNF:1
FNH:1
FNDA:1,QueueCard
DA:1,1
DA:3,1
DA:4,1
DA:5,1
DA:6,1
DA:7,1
DA:8,1
DA:9,1
DA:10,1
DA:11,1
DA:12,1
DA:13,1
DA:14,1
DA:15,1
DA:17,1
DA:18,1
DA:19,1
DA:20,1
DA:21,1
DA:23,1
LF:20
LH:20
BRDA:3,0,0,1
BRF:1
BRH:1
end_of_record
TN:
SF:src/lib/game/agent.ts
FN:7,hasStructure
FN:18,hasResearch
FN:23,validateRequirements
FN:37,validatePrereqs
FN:47,isUnitCost
FN:53,deductCost
FN:85,refundCost
FN:104,enqueueItem
FN:144,enqueueUnit
FN:173,cancelQueueItemImpl
FN:189,cancelQueueItemLegacy
FN:204,moveQueueItemGlobal
FN:213,moveQueueItem
FN:224,processTick
FN:301,completeQueueItem
FN:338,applyEffect
FNF:16
FNH:16
FNDA:8,hasStructure
FNDA:2,hasResearch
FNDA:13,validateRequirements
FNDA:7,validatePrereqs
FNDA:18,isUnitCost
FNDA:14,deductCost
FNDA:5,refundCost
FNDA:8,enqueueItem
FNDA:5,enqueueUnit
FNDA:3,cancelQueueItemImpl
FNDA:3,cancelQueueItemLegacy
FNDA:1,moveQueueItemGlobal
FNDA:1,moveQueueItem
FNDA:55,processTick
FNDA:11,completeQueueItem
FNDA:11,applyEffect
DA:1,1
DA:2,1
DA:7,8
DA:8,8
DA:9,15
DA:10,15
DA:12,9
DA:13,15
DA:14,15
DA:15,1
DA:16,1
DA:18,2
DA:19,2
DA:20,2
DA:23,1
DA:24,13
DA:25,11
DA:26,10
DA:27,8
DA:28,10
DA:30,2
DA:31,2
DA:32,10
DA:33,7
DA:34,7
DA:37,1
DA:38,7
DA:39,4
DA:40,4
DA:41,1
DA:42,0
DA:43,4
DA:44,4
DA:45,4
DA:47,18
DA:48,18
DA:49,18
DA:53,14
DA:54,14
DA:55,12
DA:56,12
DA:57,12
DA:58,4
DA:59,4
DA:60,11
DA:61,4
DA:62,4
DA:63,4
DA:64,2
DA:65,2
DA:66,2
DA:67,2
DA:68,1
DA:69,1
DA:70,11
DA:71,14
DA:72,2
DA:73,2
DA:74,2
DA:75,2
DA:76,2
DA:77,2
DA:79,2
DA:80,2
DA:81,2
DA:82,0
DA:83,0
DA:85,5
DA:86,5
DA:87,3
DA:88,3
DA:89,3
DA:90,3
DA:91,3
DA:92,1
DA:93,4
DA:94,2
DA:95,2
DA:96,2
DA:97,2
DA:98,2
DA:99,2
DA:100,2
DA:101,5
DA:104,1
DA:106,8
DA:107,8
DA:110,8
DA:111,8
DA:114,8
DA:116,8
DA:117,9
DA:118,14
DA:119,14
DA:121,1
DA:122,1
DA:123,1
DA:124,14
DA:125,8
DA:128,7
DA:129,7
DA:130,7
DA:131,7
DA:132,7
DA:133,7
DA:134,7
DA:135,7
DA:136,7
DA:137,7
DA:138,7
DA:139,7
DA:140,7
DA:141,7
DA:144,1
DA:146,5
DA:147,5
DA:150,5
DA:152,4
DA:153,5
DA:154,5
DA:155,5
DA:156,4
DA:157,4
DA:158,4
DA:159,4
DA:160,4
DA:161,5
DA:162,5
DA:163,5
DA:164,5
DA:165,5
DA:166,5
DA:167,5
DA:168,5
DA:169,3
DA:170,3
DA:173,1
DA:174,3
DA:175,3
DA:176,3
DA:177,3
DA:178,3
DA:179,2
DA:180,2
DA:182,1
DA:183,1
DA:184,1
DA:185,3
DA:186,3
DA:189,1
DA:191,3
DA:192,3
DA:193,2
DA:194,2
DA:195,2
DA:196,3
DA:197,3
DA:204,1
DA:205,1
DA:206,1
DA:207,1
DA:208,1
DA:209,1
DA:210,1
DA:213,1
DA:214,1
DA:215,1
DA:216,1
DA:217,1
DA:218,1
DA:219,1
DA:220,1
DA:221,1
DA:224,1
DA:225,55
DA:226,58
DA:228,58
DA:229,55
DA:230,55
DA:231,55
DA:232,7
DA:233,0
DA:234,7
DA:235,7
DA:236,7
DA:237,7
DA:238,55
DA:240,58
DA:242,58
DA:243,123
DA:244,123
DA:245,123
DA:246,43
DA:247,43
DA:248,43
DA:249,3
DA:250,2
DA:251,1
DA:252,1
DA:253,1
DA:254,1
DA:255,43
DA:256,117
DA:258,58
DA:259,123
DA:260,123
DA:261,123
DA:262,245
DA:263,245
DA:264,31
DA:265,31
DA:266,31
DA:267,31
DA:268,245
DA:269,180
DA:270,115
DA:271,58
DA:272,58
DA:273,58
DA:274,66
DA:275,57
DA:276,57
DA:277,57
DA:278,57
DA:279,57
DA:280,57
DA:281,57
DA:282,245
DA:283,117
DA:285,58
DA:286,58
DA:287,58
DA:288,58
DA:289,58
DA:290,58
DA:291,58
DA:292,58
DA:293,58
DA:294,52
DA:295,52
DA:296,52
DA:297,58
DA:298,58
DA:301,1
DA:303,11
DA:305,11
DA:306,11
DA:307,3
DA:308,2
DA:309,1
DA:311,11
DA:312,11
DA:313,3
DA:315,11
DA:317,8
DA:319,8
DA:320,6
DA:321,6
DA:322,11
DA:324,2
DA:325,1
DA:326,1
DA:327,1
DA:329,2
DA:330,1
DA:331,1
DA:332,2
DA:334,1
DA:335,1
DA:336,11
DA:338,11
DA:339,11
DA:340,11
DA:341,11
DA:342,5
DA:343,5
DA:344,11
DA:345,1
DA:346,1
DA:347,11
DA:348,1
DA:349,1
DA:350,11
DA:351,2
DA:352,2
DA:353,11
DA:354,0
DA:355,0
DA:356,11
DA:357,0
DA:358,0
DA:359,0
DA:360,0
DA:361,0
DA:362,0
DA:363,11
DA:365,2
DA:366,11
DA:367,11
LF:299
LH:287
BRDA:7,0,0,8
BRDA:8,1,0,15
BRDA:9,2,0,0
BRDA:10,3,0,13
BRDA:10,4,0,6
BRDA:10,5,0,9
BRDA:13,6,0,2
BRDA:13,7,0,1
BRDA:14,8,0,1
BRDA:12,9,0,266
BRDA:18,10,0,2
BRDA:23,11,0,13
BRDA:24,12,0,12
BRDA:24,13,0,12
BRDA:24,14,0,4
BRDA:24,15,0,11
BRDA:24,16,0,9
BRDA:25,17,0,10
BRDA:26,18,0,8
BRDA:27,19,0,1
BRDA:28,20,0,2
BRDA:30,21,0,1
BRDA:32,22,0,7
BRDA:37,23,0,7
BRDA:38,24,0,3
BRDA:38,25,0,4
BRDA:39,26,0,4
BRDA:40,27,0,3
BRDA:40,28,0,1
BRDA:41,29,0,0
BRDA:47,30,0,18
BRDA:53,31,0,14
BRDA:54,32,0,12
BRDA:56,33,0,0
BRDA:57,34,0,11
BRDA:57,35,0,4
BRDA:58,36,0,0
BRDA:60,37,0,8
BRDA:60,38,0,4
BRDA:61,39,0,0
BRDA:63,40,0,2
BRDA:64,41,0,0
BRDA:67,42,0,1
BRDA:71,43,0,10
BRDA:71,44,0,2
BRDA:73,45,0,0
BRDA:75,46,0,0
BRDA:76,47,0,0
BRDA:79,48,0,0
BRDA:81,49,0,0
BRDA:85,50,0,5
BRDA:86,51,0,4
BRDA:86,52,0,3
BRDA:88,53,0,0
BRDA:89,54,0,0
BRDA:90,55,0,0
BRDA:91,56,0,2
BRDA:91,57,0,1
BRDA:93,58,0,2
BRDA:95,59,0,0
BRDA:98,60,0,1
BRDA:104,61,0,8
BRDA:106,62,0,6
BRDA:106,63,0,2
BRDA:107,64,0,0
BRDA:111,65,0,0
BRDA:114,66,0,0
BRDA:116,67,0,9
BRDA:117,68,0,14
BRDA:119,69,0,1
BRDA:124,70,0,8
BRDA:125,71,0,7
BRDA:132,72,0,5
BRDA:132,73,0,2
BRDA:133,74,0,1
BRDA:133,75,0,1
BRDA:144,76,0,5
BRDA:147,77,0,0
BRDA:150,78,0,1
BRDA:150,79,0,4
BRDA:154,80,0,1
BRDA:155,81,0,1
BRDA:155,82,0,4
BRDA:161,83,0,1
BRDA:163,84,0,4
BRDA:163,85,0,4
BRDA:168,86,0,3
BRDA:150,87,0,6
BRDA:173,88,0,3
BRDA:175,89,0,0
BRDA:177,90,0,0
BRDA:178,91,0,2
BRDA:178,92,0,2
BRDA:179,93,0,4
BRDA:180,94,0,1
BRDA:183,95,0,0
BRDA:183,96,0,0
BRDA:174,97,0,5
BRDA:189,98,0,3
BRDA:192,99,0,2
BRDA:194,100,0,1
BRDA:193,101,0,2
BRDA:204,102,0,1
BRDA:206,103,0,0
BRDA:205,104,0,3
BRDA:213,105,0,1
BRDA:215,106,0,0
BRDA:217,107,0,0
BRDA:216,108,0,1
BRDA:224,109,0,55
BRDA:225,110,0,58
BRDA:228,111,0,55
BRDA:231,112,0,7
BRDA:232,113,0,0
BRDA:242,114,0,123
BRDA:244,115,0,117
BRDA:244,116,0,6
BRDA:244,117,0,117
BRDA:245,118,0,0
BRDA:245,119,0,43
BRDA:246,120,0,0
BRDA:247,121,0,0
BRDA:248,122,0,40
BRDA:248,123,0,3
BRDA:249,124,0,1
BRDA:249,125,0,2
BRDA:250,126,0,1
BRDA:255,127,0,117
BRDA:258,128,0,123
BRDA:260,129,0,117
BRDA:260,130,0,6
BRDA:260,131,0,117
BRDA:261,132,0,0
BRDA:261,133,0,245
BRDA:262,134,0,0
BRDA:263,135,0,31
BRDA:264,136,0,13
BRDA:265,137,0,12
BRDA:266,138,0,6
BRDA:268,139,0,65
BRDA:268,140,0,180
BRDA:269,141,0,65
BRDA:269,142,0,115
BRDA:270,143,0,66
BRDA:270,144,0,58
BRDA:274,145,0,57
BRDA:279,146,0,3
BRDA:282,147,0,117
BRDA:288,148,0,53
BRDA:288,149,0,5
BRDA:292,150,0,57
BRDA:292,151,0,1
BRDA:293,152,0,52
BRDA:295,153,0,0
BRDA:285,154,0,123
BRDA:286,155,0,123
BRDA:287,156,0,123
BRDA:301,157,0,11
BRDA:306,158,0,9
BRDA:306,159,0,8
BRDA:306,160,0,3
BRDA:307,161,0,1
BRDA:307,162,0,2
BRDA:308,163,0,1
BRDA:312,164,0,9
BRDA:312,165,0,8
BRDA:312,166,0,2
BRDA:312,167,0,3
BRDA:313,168,0,2
BRDA:313,169,0,1
BRDA:315,170,0,8
BRDA:317,171,0,6
BRDA:317,172,0,2
BRDA:319,173,0,6
BRDA:319,174,0,6
BRDA:319,175,0,6
BRDA:319,176,0,6
BRDA:320,177,0,10
BRDA:322,178,0,3
BRDA:322,179,0,2
BRDA:324,180,0,1
BRDA:324,181,0,1
BRDA:329,182,0,1
BRDA:329,183,0,1
BRDA:329,184,0,1
BRDA:329,185,0,1
BRDA:332,186,0,1
BRDA:303,187,0,11
BRDA:338,188,0,11
BRDA:341,189,0,5
BRDA:342,190,0,3
BRDA:342,191,0,0
BRDA:344,192,0,1
BRDA:347,193,0,1
BRDA:348,194,0,0
BRDA:348,195,0,0
BRDA:350,196,0,2
BRDA:353,197,0,0
BRDA:356,198,0,0
BRDA:363,199,0,2
BRF:200
BRH:162
end_of_record
TN:
SF:src/lib/game/catalog.ts
FN:1,(empty-report)
FNF:1
FNH:1
FNDA:1,(empty-report)
DA:3,0
DA:4,0
DA:5,0
DA:6,0
DA:7,0
DA:8,0
DA:9,0
DA:10,0
DA:11,0
DA:12,0
DA:13,0
DA:14,0
DA:15,0
DA:16,0
DA:17,0
DA:18,0
DA:19,0
DA:20,0
DA:21,0
DA:23,0
DA:24,0
DA:25,0
DA:26,0
DA:27,0
DA:28,0
DA:29,0
DA:30,0
DA:31,0
DA:33,0
DA:34,0
DA:35,0
LF:31
LH:0
BRDA:1,0,0,1
BRF:1
BRH:1
end_of_record
TN:
SF:src/lib/game/dataManager.ts
FN:50,GameDataService
FN:60,fail
FN:64,isObject
FN:68,validateRawData
FN:84,validateUnit
FN:98,validateStructure
FN:123,validateCost
FN:137,validateProduction
FN:143,validateRequirement
FN:149,getAllUnits
FN:153,getAllStructures
FN:157,getUnitById
FN:161,getStructureById
FN:165,getResourceById
FN:169,getMeta
FNF:15
FNH:15
FNDA:9,GameDataService
FNDA:2,fail
FNDA:1298,isObject
FNDA:9,validateRawData
FNDA:26,validateUnit
FNDA:206,validateStructure
FNDA:415,validateCost
FNDA:103,validateProduction
FNDA:288,validateRequirement
FNDA:1,getAllUnits
FNDA:30,getAllStructures
FNDA:139,getUnitById
FNDA:1111,getStructureById
FNDA:2,getResourceById
FNDA:1,getMeta
DA:1,1
DA:47,1
DA:50,1
DA:52,9
DA:54,9
DA:55,9
DA:56,9
DA:60,1
DA:61,2
DA:62,2
DA:64,1
DA:65,1298
DA:66,1298
DA:68,1
DA:69,9
DA:70,9
DA:71,9
DA:72,9
DA:74,9
DA:75,45
DA:76,45
DA:77,45
DA:78,9
DA:80,9
DA:81,9
DA:82,9
DA:84,1
DA:85,26
DA:86,26
DA:87,26
DA:88,26
DA:89,26
DA:90,26
DA:91,26
DA:92,26
DA:93,26
DA:94,26
DA:95,26
DA:96,26
DA:98,1
DA:99,206
DA:100,206
DA:101,206
DA:102,206
DA:103,205
DA:104,205
DA:105,205
DA:106,206
DA:107,205
DA:108,205
DA:109,205
DA:110,206
DA:111,206
DA:112,206
DA:113,206
DA:114,206
DA:115,206
DA:116,206
DA:117,206
DA:118,206
DA:119,206
DA:120,206
DA:121,206
DA:123,1
DA:124,415
DA:125,415
DA:126,403
DA:127,403
DA:128,415
DA:129,12
DA:130,12
DA:131,12
DA:132,12
DA:133,0
DA:134,0
DA:135,415
DA:137,1
DA:138,103
DA:139,103
DA:140,103
DA:141,103
DA:143,1
DA:144,288
DA:145,288
DA:146,288
DA:147,288
DA:149,1
DA:150,1
DA:151,1
DA:153,1
DA:154,30
DA:155,30
DA:157,1
DA:158,139
DA:159,139
DA:161,1
DA:162,1111
DA:163,1111
DA:165,1
DA:166,2
DA:167,2
DA:169,1
DA:170,1
DA:171,1
DA:172,1
DA:174,1
DA:175,1
LF:107
LH:105
BRDA:50,0,0,9
BRDA:60,1,0,2
BRDA:64,2,0,1298
BRDA:68,3,0,9
BRDA:69,4,0,0
BRDA:70,5,0,0
BRDA:71,6,0,0
BRDA:72,7,0,0
BRDA:74,8,0,45
BRDA:75,9,0,0
BRDA:76,10,0,44
BRDA:76,11,0,1
BRDA:76,12,0,44
BRDA:77,13,0,0
BRDA:80,14,0,26
BRDA:81,15,0,206
BRDA:84,16,0,26
BRDA:85,17,0,0
BRDA:86,18,0,0
BRDA:87,19,0,0
BRDA:89,20,0,0
BRDA:93,21,0,0
BRDA:90,22,0,42
BRDA:94,23,0,24
BRDA:98,24,0,206
BRDA:99,25,0,0
BRDA:100,26,0,0
BRDA:101,27,0,0
BRDA:102,28,0,205
BRDA:103,29,0,0
BRDA:106,30,0,205
BRDA:107,31,0,0
BRDA:111,32,0,0
BRDA:114,33,0,0
BRDA:118,34,0,1
BRDA:104,35,0,373
BRDA:108,36,0,264
BRDA:115,37,0,103
BRDA:123,38,0,415
BRDA:124,39,0,0
BRDA:125,40,0,403
BRDA:126,41,0,0
BRDA:127,42,0,0
BRDA:128,43,0,12
BRDA:129,44,0,0
BRDA:130,45,0,0
BRDA:131,46,0,0
BRDA:132,47,0,0
BRDA:137,48,0,103
BRDA:138,49,0,0
BRDA:139,50,0,0
BRDA:140,51,0,0
BRDA:143,52,0,288
BRDA:144,53,0,0
BRDA:145,54,0,60
BRDA:145,55,0,0
BRDA:146,56,0,0
BRDA:149,57,0,1
BRDA:153,58,0,30
BRDA:157,59,0,139
BRDA:158,60,0,8
BRDA:158,61,0,290
BRDA:161,62,0,1111
BRDA:162,63,0,15
BRDA:162,64,0,4036
BRDA:165,65,0,2
BRDA:166,66,0,1
BRDA:166,67,0,2
BRDA:169,68,0,1
BRF:69
BRH:38
end_of_record
TN:
SF:src/lib/game/types.ts
FN:1,(empty-report)
FNF:1
FNH:1
FNDA:1,(empty-report)
LF:0
LH:0
BRDA:1,0,0,1
BRF:1
BRH:1
end_of_record
